<?xml version="1.0" encoding="UTF-8"?>
<!-- Generated by org.testng.reporters.JUnitXMLReporter -->
<testsuite hostname="Nokuthula" ignored="0" name="Surefire test" tests="4" failures="1" timestamp="2023-03-10T14:15:36 CAT" time="19.884" errors="0">
  <testcase name="runScenario" time="12.041" classname="io.cucumber.testng.AbstractTestNGCucumberTests">
    <failure type="java.io.FileNotFoundException" message="C:\Users\MARIG\IdeaProjects\untitled\target\Book1.csv (The system cannot find the file specified)">
      <![CDATA[java.io.FileNotFoundException: C:\Users\MARIG\IdeaProjects\untitled\target\Book1.csv (The system cannot find the file specified)
at java.io.FileInputStream.open0(Native Method)
at java.io.FileInputStream.open(FileInputStream.java:195)
at java.io.FileInputStream.<init>(FileInputStream.java:138)
at java.io.FileInputStream.<init>(FileInputStream.java:93)
at java.io.FileReader.<init>(FileReader.java:58)
at stepDefs.MyStepdefs.theUserInputRequiredInformation(MyStepdefs.java:35)
at âœ½.The user input required information(file:///C:/Users/MARIG/IdeaProjects/untitled/src/test/resources/features/Manage.feature:6)
]]>
    </failure>
  </testcase> <!-- runScenario -->
  <testcase name="runScenario" time="13.38" classname="io.cucumber.testng.AbstractTestNGCucumberTests"/>
  <testcase name="runScenario" time="17.369" classname="io.cucumber.testng.AbstractTestNGCucumberTests"/>
  <testcase name="runScenario" time="18.961" classname="io.cucumber.testng.AbstractTestNGCucumberTests"/>
</testsuite> <!-- Surefire test -->
